2018-04-25 13:37:19.992 INFO [restartedMain]com.cst.Application.?:? -Starting Application on DEEP-1612261349 with PID 5364 (E:\project_2.0\codes\coolstartproject\coolstartweb\target\classes started by Administrator in E:\project_2.0\codes\coolstartproject)
2018-04-25 13:37:19.993 INFO [restartedMain]com.cst.Application.?:? -The following profiles are active: dev
2018-04-25 13:37:20.030 INFO [restartedMain]o.s.b.w.s.c.AnnotationConfigServletWebServerApplicationContext.?:? -Refreshing org.springframework.boot.web.servlet.context.AnnotationConfigServletWebServerApplicationContext@6a830c82: startup date [Wed Apr 25 13:37:20 CST 2018]; root of context hierarchy
2018-04-25 13:37:20.812 INFO [restartedMain]o.s.boot.web.embedded.tomcat.TomcatWebServer.?:? -Tomcat initialized with port(s): 8089 (http)
2018-04-25 13:37:20.826 INFO [restartedMain]org.apache.catalina.core.StandardService.?:? -Starting service [Tomcat]
2018-04-25 13:37:20.826 INFO [restartedMain]org.apache.catalina.core.StandardEngine.?:? -Starting Servlet Engine: Apache Tomcat/8.5.29
2018-04-25 13:37:20.830 INFO [localhost-startStop-1]org.apache.catalina.core.AprLifecycleListener.?:? -The APR based Apache Tomcat Native library which allows optimal performance in production environments was not found on the java.library.path: [E:\software\java\jdk\bin;C:\WINDOWS\Sun\Java\bin;C:\WINDOWS\system32;C:\WINDOWS;C:\ProgramData\Oracle\Java\javapath;C:\WINDOWS\system32;C:\WINDOWS;C:\WINDOWS\System32\Wbem;C:\WINDOWS\System32\WindowsPowerShell\v1.0\;E:\software\java\jdk\bin;E:\software\java\jdk\jre\bin;E:\software\git\Git\cmd;E:\software\git\Git\mingw64\bin;E:\software\git\Git\usr\bin;E:\software\maven\apache-maven-3.3.9-bin\apache-maven-3.3.9\bin;C:\Program Files\nodejs\;E:\software\gradle-4.6\bin;C:\Users\Administrator\AppData\Roaming\npm;%USERPROFILE%\AppData\Local\Microsoft\WindowsApps;;.]
2018-04-25 13:37:20.886 INFO [localhost-startStop-1]o.a.catalina.core.ContainerBase.[Tomcat].[localhost].[/].?:? -Initializing Spring embedded WebApplicationContext
2018-04-25 13:37:20.886 INFO [localhost-startStop-1]org.springframework.web.context.ContextLoader.?:? -Root WebApplicationContext: initialization completed in 856 ms
2018-04-25 13:37:20.964 INFO [localhost-startStop-1]o.s.boot.web.servlet.ServletRegistrationBean.?:? -Servlet dispatcherServlet mapped to [/]
2018-04-25 13:37:20.967 INFO [localhost-startStop-1]o.s.boot.web.servlet.FilterRegistrationBean.?:? -Mapping filter: 'characterEncodingFilter' to: [/*]
2018-04-25 13:37:20.967 INFO [localhost-startStop-1]o.s.boot.web.servlet.FilterRegistrationBean.?:? -Mapping filter: 'hiddenHttpMethodFilter' to: [/*]
2018-04-25 13:37:20.968 INFO [localhost-startStop-1]o.s.boot.web.servlet.FilterRegistrationBean.?:? -Mapping filter: 'httpPutFormContentFilter' to: [/*]
2018-04-25 13:37:20.968 INFO [localhost-startStop-1]o.s.boot.web.servlet.FilterRegistrationBean.?:? -Mapping filter: 'requestContextFilter' to: [/*]
2018-04-25 13:37:21.034 INFO [restartedMain]o.s.web.servlet.handler.SimpleUrlHandlerMapping.?:? -Mapped URL path [/**/favicon.ico] onto handler of type [class org.springframework.web.servlet.resource.ResourceHttpRequestHandler]
2018-04-25 13:37:21.172 INFO [restartedMain]o.s.w.s.m.method.annotation.RequestMappingHandlerAdapter.?:? -Looking for @ControllerAdvice: org.springframework.boot.web.servlet.context.AnnotationConfigServletWebServerApplicationContext@6a830c82: startup date [Wed Apr 25 13:37:20 CST 2018]; root of context hierarchy
2018-04-25 13:37:21.203 INFO [restartedMain]o.s.w.s.m.method.annotation.RequestMappingHandlerMapping.?:? -Mapped "{[/test/userinfo/{userId}]}" onto public java.lang.String com.cst.web.controller.TestController.getUserInfo(java.lang.String)
2018-04-25 13:37:21.206 INFO [restartedMain]o.s.w.s.m.method.annotation.RequestMappingHandlerMapping.?:? -Mapped "{[/error]}" onto public org.springframework.http.ResponseEntity<java.util.Map<java.lang.String, java.lang.Object>> org.springframework.boot.autoconfigure.web.servlet.error.BasicErrorController.error(javax.servlet.http.HttpServletRequest)
2018-04-25 13:37:21.207 INFO [restartedMain]o.s.w.s.m.method.annotation.RequestMappingHandlerMapping.?:? -Mapped "{[/error],produces=[text/html]}" onto public org.springframework.web.servlet.ModelAndView org.springframework.boot.autoconfigure.web.servlet.error.BasicErrorController.errorHtml(javax.servlet.http.HttpServletRequest,javax.servlet.http.HttpServletResponse)
2018-04-25 13:37:21.221 INFO [restartedMain]o.s.web.servlet.handler.SimpleUrlHandlerMapping.?:? -Mapped URL path [/webjars/**] onto handler of type [class org.springframework.web.servlet.resource.ResourceHttpRequestHandler]
2018-04-25 13:37:21.221 INFO [restartedMain]o.s.web.servlet.handler.SimpleUrlHandlerMapping.?:? -Mapped URL path [/**] onto handler of type [class org.springframework.web.servlet.resource.ResourceHttpRequestHandler]
2018-04-25 13:37:21.253 WARN [restartedMain]o.s.b.a.t.ThymeleafAutoConfiguration$DefaultTemplateResolverConfiguration.?:? -Cannot find template location: classpath:/templates/ (please add some templates or check your Thymeleaf configuration)
2018-04-25 13:37:21.255 WARN [restartedMain]org.thymeleaf.templatemode.TemplateMode.?:? -[THYMELEAF][restartedMain] Template Mode 'LEGACYHTML5' is deprecated. Using Template Mode 'HTML' instead.
2018-04-25 13:37:21.373 INFO [restartedMain]o.s.boot.devtools.autoconfigure.OptionalLiveReloadServer.?:? -LiveReload server is running on port 35729
2018-04-25 13:37:21.391 INFO [restartedMain]o.s.jmx.export.annotation.AnnotationMBeanExporter.?:? -Registering beans for JMX exposure on startup
2018-04-25 13:37:21.413 INFO [restartedMain]o.s.boot.web.embedded.tomcat.TomcatWebServer.?:? -Tomcat started on port(s): 8089 (http) with context path ''
2018-04-25 13:37:21.416 INFO [restartedMain]com.cst.Application.?:? -Started Application in 1.815 seconds (JVM running for 2.247)
2018-04-25 13:37:47.827 INFO [Thread-11]o.s.b.w.s.c.AnnotationConfigServletWebServerApplicationContext.?:? -Closing org.springframework.boot.web.servlet.context.AnnotationConfigServletWebServerApplicationContext@6a830c82: startup date [Wed Apr 25 13:37:20 CST 2018]; root of context hierarchy
2018-04-25 13:37:47.829 INFO [Thread-11]o.s.jmx.export.annotation.AnnotationMBeanExporter.?:? -Unregistering JMX-exposed beans on shutdown
2018-04-25 13:38:08.943 INFO [restartedMain]com.cst.Application.?:? -Starting Application on DEEP-1612261349 with PID 6000 (E:\project_2.0\codes\coolstartproject\coolstartweb\target\classes started by Administrator in E:\project_2.0\codes\coolstartproject)
2018-04-25 13:38:08.944 INFO [restartedMain]com.cst.Application.?:? -The following profiles are active: dev
2018-04-25 13:38:08.999 INFO [restartedMain]o.s.b.w.s.c.AnnotationConfigServletWebServerApplicationContext.?:? -Refreshing org.springframework.boot.web.servlet.context.AnnotationConfigServletWebServerApplicationContext@7eb41104: startup date [Wed Apr 25 13:38:08 CST 2018]; root of context hierarchy
2018-04-25 13:38:09.850 INFO [restartedMain]o.s.boot.web.embedded.tomcat.TomcatWebServer.?:? -Tomcat initialized with port(s): 8089 (http)
2018-04-25 13:38:09.862 INFO [restartedMain]org.apache.catalina.core.StandardService.?:? -Starting service [Tomcat]
2018-04-25 13:38:09.863 INFO [restartedMain]org.apache.catalina.core.StandardEngine.?:? -Starting Servlet Engine: Apache Tomcat/8.5.29
2018-04-25 13:38:09.865 INFO [localhost-startStop-1]org.apache.catalina.core.AprLifecycleListener.?:? -The APR based Apache Tomcat Native library which allows optimal performance in production environments was not found on the java.library.path: [E:\software\java\jdk\bin;C:\WINDOWS\Sun\Java\bin;C:\WINDOWS\system32;C:\WINDOWS;C:\ProgramData\Oracle\Java\javapath;C:\WINDOWS\system32;C:\WINDOWS;C:\WINDOWS\System32\Wbem;C:\WINDOWS\System32\WindowsPowerShell\v1.0\;E:\software\java\jdk\bin;E:\software\java\jdk\jre\bin;E:\software\git\Git\cmd;E:\software\git\Git\mingw64\bin;E:\software\git\Git\usr\bin;E:\software\maven\apache-maven-3.3.9-bin\apache-maven-3.3.9\bin;C:\Program Files\nodejs\;E:\software\gradle-4.6\bin;C:\Users\Administrator\AppData\Roaming\npm;%USERPROFILE%\AppData\Local\Microsoft\WindowsApps;;.]
2018-04-25 13:38:09.921 INFO [localhost-startStop-1]o.a.catalina.core.ContainerBase.[Tomcat].[localhost].[/].?:? -Initializing Spring embedded WebApplicationContext
2018-04-25 13:38:09.921 INFO [localhost-startStop-1]org.springframework.web.context.ContextLoader.?:? -Root WebApplicationContext: initialization completed in 922 ms
2018-04-25 13:38:09.999 INFO [localhost-startStop-1]o.s.boot.web.servlet.ServletRegistrationBean.?:? -Servlet dispatcherServlet mapped to [/]
2018-04-25 13:38:10.002 INFO [localhost-startStop-1]o.s.boot.web.servlet.FilterRegistrationBean.?:? -Mapping filter: 'characterEncodingFilter' to: [/*]
2018-04-25 13:38:10.002 INFO [localhost-startStop-1]o.s.boot.web.servlet.FilterRegistrationBean.?:? -Mapping filter: 'hiddenHttpMethodFilter' to: [/*]
2018-04-25 13:38:10.003 INFO [localhost-startStop-1]o.s.boot.web.servlet.FilterRegistrationBean.?:? -Mapping filter: 'httpPutFormContentFilter' to: [/*]
2018-04-25 13:38:10.003 INFO [localhost-startStop-1]o.s.boot.web.servlet.FilterRegistrationBean.?:? -Mapping filter: 'requestContextFilter' to: [/*]
2018-04-25 13:38:10.071 INFO [restartedMain]o.s.web.servlet.handler.SimpleUrlHandlerMapping.?:? -Mapped URL path [/**/favicon.ico] onto handler of type [class org.springframework.web.servlet.resource.ResourceHttpRequestHandler]
2018-04-25 13:38:10.192 INFO [restartedMain]o.s.w.s.m.method.annotation.RequestMappingHandlerAdapter.?:? -Looking for @ControllerAdvice: org.springframework.boot.web.servlet.context.AnnotationConfigServletWebServerApplicationContext@7eb41104: startup date [Wed Apr 25 13:38:08 CST 2018]; root of context hierarchy
2018-04-25 13:38:10.222 INFO [restartedMain]o.s.w.s.m.method.annotation.RequestMappingHandlerMapping.?:? -Mapped "{[/test/userinfo/{userId}]}" onto public java.lang.String com.cst.web.controller.TestController.getUserInfo(java.lang.String)
2018-04-25 13:38:10.225 INFO [restartedMain]o.s.w.s.m.method.annotation.RequestMappingHandlerMapping.?:? -Mapped "{[/error]}" onto public org.springframework.http.ResponseEntity<java.util.Map<java.lang.String, java.lang.Object>> org.springframework.boot.autoconfigure.web.servlet.error.BasicErrorController.error(javax.servlet.http.HttpServletRequest)
2018-04-25 13:38:10.225 INFO [restartedMain]o.s.w.s.m.method.annotation.RequestMappingHandlerMapping.?:? -Mapped "{[/error],produces=[text/html]}" onto public org.springframework.web.servlet.ModelAndView org.springframework.boot.autoconfigure.web.servlet.error.BasicErrorController.errorHtml(javax.servlet.http.HttpServletRequest,javax.servlet.http.HttpServletResponse)
2018-04-25 13:38:10.240 INFO [restartedMain]o.s.web.servlet.handler.SimpleUrlHandlerMapping.?:? -Mapped URL path [/webjars/**] onto handler of type [class org.springframework.web.servlet.resource.ResourceHttpRequestHandler]
2018-04-25 13:38:10.240 INFO [restartedMain]o.s.web.servlet.handler.SimpleUrlHandlerMapping.?:? -Mapped URL path [/**] onto handler of type [class org.springframework.web.servlet.resource.ResourceHttpRequestHandler]
2018-04-25 13:38:10.270 WARN [restartedMain]o.s.b.a.t.ThymeleafAutoConfiguration$DefaultTemplateResolverConfiguration.?:? -Cannot find template location: classpath:/templates/ (please add some templates or check your Thymeleaf configuration)
2018-04-25 13:38:10.272 WARN [restartedMain]org.thymeleaf.templatemode.TemplateMode.?:? -[THYMELEAF][restartedMain] Template Mode 'LEGACYHTML5' is deprecated. Using Template Mode 'HTML' instead.
2018-04-25 13:38:10.392 INFO [restartedMain]o.s.boot.devtools.autoconfigure.OptionalLiveReloadServer.?:? -LiveReload server is running on port 35729
2018-04-25 13:38:10.409 INFO [restartedMain]o.s.jmx.export.annotation.AnnotationMBeanExporter.?:? -Registering beans for JMX exposure on startup
2018-04-25 13:38:10.432 INFO [restartedMain]o.s.boot.web.embedded.tomcat.TomcatWebServer.?:? -Tomcat started on port(s): 8089 (http) with context path ''
2018-04-25 13:38:10.435 INFO [restartedMain]com.cst.Application.?:? -Started Application in 1.862 seconds (JVM running for 2.287)
2018-04-25 13:38:17.748 INFO [http-nio-127.0.0.1-8089-exec-1]o.a.catalina.core.ContainerBase.[Tomcat].[localhost].[/].?:? -Initializing Spring FrameworkServlet 'dispatcherServlet'
2018-04-25 13:38:17.749 INFO [http-nio-127.0.0.1-8089-exec-1]org.springframework.web.servlet.DispatcherServlet.?:? -FrameworkServlet 'dispatcherServlet': initialization started
2018-04-25 13:38:17.760 INFO [http-nio-127.0.0.1-8089-exec-1]org.springframework.web.servlet.DispatcherServlet.?:? -FrameworkServlet 'dispatcherServlet': initialization completed in 11 ms
2018-04-25 13:38:17.777 INFO [http-nio-127.0.0.1-8089-exec-1]com.cst.web.controller.TestController.?:? -userId :1
2018-04-25 16:28:42.078 INFO [restartedMain]com.cst.Application.?:? -Starting Application on DEEP-1612261349 with PID 7672 (E:\project_2.0\codes\coolstartproject\coolstartweb\target\classes started by Administrator in E:\project_2.0\codes\coolstartproject)
2018-04-25 16:28:42.079 INFO [restartedMain]com.cst.Application.?:? -The following profiles are active: dev
2018-04-25 16:28:42.120 INFO [restartedMain]o.s.b.w.s.c.AnnotationConfigServletWebServerApplicationContext.?:? -Refreshing org.springframework.boot.web.servlet.context.AnnotationConfigServletWebServerApplicationContext@428acd3b: startup date [Wed Apr 25 16:28:42 CST 2018]; root of context hierarchy
2018-04-25 16:28:42.616 WARN [restartedMain]org.mybatis.spring.mapper.ClassPathMapperScanner.?:? -No MyBatis mapper was found in '[com.cst.domain.dao]' package. Please check your configuration.
2018-04-25 16:28:42.703 WARN [restartedMain]org.mybatis.spring.mapper.ClassPathMapperScanner.?:? -No MyBatis mapper was found in '[com.cst]' package. Please check your configuration.
2018-04-25 16:28:43.448 INFO [restartedMain]o.s.boot.web.embedded.tomcat.TomcatWebServer.?:? -Tomcat initialized with port(s): 8080 (http)
2018-04-25 16:28:43.462 INFO [restartedMain]org.apache.catalina.core.StandardService.?:? -Starting service [Tomcat]
2018-04-25 16:28:43.463 INFO [restartedMain]org.apache.catalina.core.StandardEngine.?:? -Starting Servlet Engine: Apache Tomcat/8.5.29
2018-04-25 16:28:43.465 INFO [localhost-startStop-1]org.apache.catalina.core.AprLifecycleListener.?:? -The APR based Apache Tomcat Native library which allows optimal performance in production environments was not found on the java.library.path: [E:\software\java\jdk\bin;C:\WINDOWS\Sun\Java\bin;C:\WINDOWS\system32;C:\WINDOWS;C:\ProgramData\Oracle\Java\javapath;C:\WINDOWS\system32;C:\WINDOWS;C:\WINDOWS\System32\Wbem;C:\WINDOWS\System32\WindowsPowerShell\v1.0\;E:\software\java\jdk\bin;E:\software\java\jdk\jre\bin;E:\software\git\Git\cmd;E:\software\git\Git\mingw64\bin;E:\software\git\Git\usr\bin;E:\software\maven\apache-maven-3.3.9-bin\apache-maven-3.3.9\bin;C:\Program Files\nodejs\;E:\software\gradle-4.6\bin;C:\Users\Administrator\AppData\Roaming\npm;%USERPROFILE%\AppData\Local\Microsoft\WindowsApps;;.]
2018-04-25 16:28:43.529 INFO [localhost-startStop-1]o.a.catalina.core.ContainerBase.[Tomcat].[localhost].[/].?:? -Initializing Spring embedded WebApplicationContext
2018-04-25 16:28:43.530 INFO [localhost-startStop-1]org.springframework.web.context.ContextLoader.?:? -Root WebApplicationContext: initialization completed in 1410 ms
2018-04-25 16:28:43.647 INFO [localhost-startStop-1]o.s.boot.web.servlet.ServletRegistrationBean.?:? -Servlet dispatcherServlet mapped to [/]
2018-04-25 16:28:43.648 INFO [localhost-startStop-1]o.s.boot.web.servlet.ServletRegistrationBean.?:? -Servlet statViewServlet mapped to [/druid/*]
2018-04-25 16:28:43.652 INFO [localhost-startStop-1]o.s.boot.web.servlet.FilterRegistrationBean.?:? -Mapping filter: 'characterEncodingFilter' to: [/*]
2018-04-25 16:28:43.652 INFO [localhost-startStop-1]o.s.boot.web.servlet.FilterRegistrationBean.?:? -Mapping filter: 'hiddenHttpMethodFilter' to: [/*]
2018-04-25 16:28:43.652 INFO [localhost-startStop-1]o.s.boot.web.servlet.FilterRegistrationBean.?:? -Mapping filter: 'httpPutFormContentFilter' to: [/*]
2018-04-25 16:28:43.653 INFO [localhost-startStop-1]o.s.boot.web.servlet.FilterRegistrationBean.?:? -Mapping filter: 'requestContextFilter' to: [/*]
2018-04-25 16:28:43.653 INFO [localhost-startStop-1]o.s.boot.web.servlet.FilterRegistrationBean.?:? -Mapping filter: 'webStatFilter' to urls: [/*]
2018-04-25 16:28:43.766 INFO [restartedMain]o.s.web.servlet.handler.SimpleUrlHandlerMapping.?:? -Mapped URL path [/**/favicon.ico] onto handler of type [class org.springframework.web.servlet.resource.ResourceHttpRequestHandler]
2018-04-25 16:28:43.907 INFO [restartedMain]o.s.w.s.m.method.annotation.RequestMappingHandlerAdapter.?:? -Looking for @ControllerAdvice: org.springframework.boot.web.servlet.context.AnnotationConfigServletWebServerApplicationContext@428acd3b: startup date [Wed Apr 25 16:28:42 CST 2018]; root of context hierarchy
2018-04-25 16:28:43.944 INFO [restartedMain]o.s.w.s.m.method.annotation.RequestMappingHandlerMapping.?:? -Mapped "{[/test/userinfo/{userId}]}" onto public java.lang.String com.cst.web.controller.TestController.getUserInfo(java.lang.String)
2018-04-25 16:28:43.947 INFO [restartedMain]o.s.w.s.m.method.annotation.RequestMappingHandlerMapping.?:? -Mapped "{[/error]}" onto public org.springframework.http.ResponseEntity<java.util.Map<java.lang.String, java.lang.Object>> org.springframework.boot.autoconfigure.web.servlet.error.BasicErrorController.error(javax.servlet.http.HttpServletRequest)
2018-04-25 16:28:43.947 INFO [restartedMain]o.s.w.s.m.method.annotation.RequestMappingHandlerMapping.?:? -Mapped "{[/error],produces=[text/html]}" onto public org.springframework.web.servlet.ModelAndView org.springframework.boot.autoconfigure.web.servlet.error.BasicErrorController.errorHtml(javax.servlet.http.HttpServletRequest,javax.servlet.http.HttpServletResponse)
2018-04-25 16:28:43.967 INFO [restartedMain]o.s.web.servlet.handler.SimpleUrlHandlerMapping.?:? -Mapped URL path [/webjars/**] onto handler of type [class org.springframework.web.servlet.resource.ResourceHttpRequestHandler]
2018-04-25 16:28:43.967 INFO [restartedMain]o.s.web.servlet.handler.SimpleUrlHandlerMapping.?:? -Mapped URL path [/**] onto handler of type [class org.springframework.web.servlet.resource.ResourceHttpRequestHandler]
2018-04-25 16:28:44.001 WARN [restartedMain]o.s.b.a.t.ThymeleafAutoConfiguration$DefaultTemplateResolverConfiguration.?:? -Cannot find template location: classpath:/templates/ (please add some templates or check your Thymeleaf configuration)
2018-04-25 16:28:44.071 INFO [restartedMain]c.a.d.s.boot.autoconfigure.DruidDataSourceAutoConfigure.?:? -Init DruidDataSource
2018-04-25 16:28:44.097 WARN [restartedMain]o.s.b.w.s.c.AnnotationConfigServletWebServerApplicationContext.?:? -Exception encountered during context initialization - cancelling refresh attempt: org.springframework.beans.factory.BeanCreationException: Error creating bean with name 'dataSource' defined in class path resource [com/alibaba/druid/spring/boot/autoconfigure/DruidDataSourceAutoConfigure.class]: Invocation of init method failed; nested exception is org.springframework.boot.autoconfigure.jdbc.DataSourceProperties$DataSourceBeanCreationException: Failed to determine a suitable driver class
2018-04-25 16:28:44.099 INFO [restartedMain]org.apache.catalina.core.StandardService.?:? -Stopping service [Tomcat]
2018-04-25 16:28:44.113 INFO [restartedMain]o.s.b.a.logging.ConditionEvaluationReportLoggingListener.?:? -

Error starting ApplicationContext. To display the conditions report re-run your application with 'debug' enabled.
2018-04-25 16:28:44.118 ERROR[restartedMain]o.s.boot.diagnostics.LoggingFailureAnalysisReporter.?:? -

***************************
APPLICATION FAILED TO START
***************************

Description:

Failed to auto-configure a DataSource: 'spring.datasource.url' is not specified and no embedded datasource could be auto-configured.

Reason: Failed to determine a suitable driver class


Action:

Consider the following:
	If you want an embedded database (H2, HSQL or Derby), please put it on the classpath.
	If you have database settings to be loaded from a particular profile you may need to activate it (the profiles dev are currently active).

2018-04-25 16:28:51.756 INFO [restartedMain]com.cst.Application.?:? -Starting Application on DEEP-1612261349 with PID 7648 (E:\project_2.0\codes\coolstartproject\coolstartweb\target\classes started by Administrator in E:\project_2.0\codes\coolstartproject)
2018-04-25 16:28:51.757 INFO [restartedMain]com.cst.Application.?:? -The following profiles are active: dev
2018-04-25 16:28:51.803 INFO [restartedMain]o.s.b.w.s.c.AnnotationConfigServletWebServerApplicationContext.?:? -Refreshing org.springframework.boot.web.servlet.context.AnnotationConfigServletWebServerApplicationContext@651cd7d: startup date [Wed Apr 25 16:28:51 CST 2018]; root of context hierarchy
2018-04-25 16:28:52.292 WARN [restartedMain]org.mybatis.spring.mapper.ClassPathMapperScanner.?:? -No MyBatis mapper was found in '[com.cst.domain.dao]' package. Please check your configuration.
2018-04-25 16:28:52.381 WARN [restartedMain]org.mybatis.spring.mapper.ClassPathMapperScanner.?:? -No MyBatis mapper was found in '[com.cst]' package. Please check your configuration.
2018-04-25 16:28:53.055 INFO [restartedMain]o.s.boot.web.embedded.tomcat.TomcatWebServer.?:? -Tomcat initialized with port(s): 8080 (http)
2018-04-25 16:28:53.073 INFO [restartedMain]org.apache.catalina.core.StandardService.?:? -Starting service [Tomcat]
2018-04-25 16:28:53.073 INFO [restartedMain]org.apache.catalina.core.StandardEngine.?:? -Starting Servlet Engine: Apache Tomcat/8.5.29
2018-04-25 16:28:53.076 INFO [localhost-startStop-1]org.apache.catalina.core.AprLifecycleListener.?:? -The APR based Apache Tomcat Native library which allows optimal performance in production environments was not found on the java.library.path: [E:\software\java\jdk\bin;C:\WINDOWS\Sun\Java\bin;C:\WINDOWS\system32;C:\WINDOWS;C:\ProgramData\Oracle\Java\javapath;C:\WINDOWS\system32;C:\WINDOWS;C:\WINDOWS\System32\Wbem;C:\WINDOWS\System32\WindowsPowerShell\v1.0\;E:\software\java\jdk\bin;E:\software\java\jdk\jre\bin;E:\software\git\Git\cmd;E:\software\git\Git\mingw64\bin;E:\software\git\Git\usr\bin;E:\software\maven\apache-maven-3.3.9-bin\apache-maven-3.3.9\bin;C:\Program Files\nodejs\;E:\software\gradle-4.6\bin;C:\Users\Administrator\AppData\Roaming\npm;%USERPROFILE%\AppData\Local\Microsoft\WindowsApps;;.]
2018-04-25 16:28:53.141 INFO [localhost-startStop-1]o.a.catalina.core.ContainerBase.[Tomcat].[localhost].[/].?:? -Initializing Spring embedded WebApplicationContext
2018-04-25 16:28:53.142 INFO [localhost-startStop-1]org.springframework.web.context.ContextLoader.?:? -Root WebApplicationContext: initialization completed in 1339 ms
2018-04-25 16:28:53.255 INFO [localhost-startStop-1]o.s.boot.web.servlet.ServletRegistrationBean.?:? -Servlet dispatcherServlet mapped to [/]
2018-04-25 16:28:53.256 INFO [localhost-startStop-1]o.s.boot.web.servlet.ServletRegistrationBean.?:? -Servlet statViewServlet mapped to [/druid/*]
2018-04-25 16:28:53.259 INFO [localhost-startStop-1]o.s.boot.web.servlet.FilterRegistrationBean.?:? -Mapping filter: 'characterEncodingFilter' to: [/*]
2018-04-25 16:28:53.259 INFO [localhost-startStop-1]o.s.boot.web.servlet.FilterRegistrationBean.?:? -Mapping filter: 'hiddenHttpMethodFilter' to: [/*]
2018-04-25 16:28:53.260 INFO [localhost-startStop-1]o.s.boot.web.servlet.FilterRegistrationBean.?:? -Mapping filter: 'httpPutFormContentFilter' to: [/*]
2018-04-25 16:28:53.260 INFO [localhost-startStop-1]o.s.boot.web.servlet.FilterRegistrationBean.?:? -Mapping filter: 'requestContextFilter' to: [/*]
2018-04-25 16:28:53.260 INFO [localhost-startStop-1]o.s.boot.web.servlet.FilterRegistrationBean.?:? -Mapping filter: 'webStatFilter' to urls: [/*]
2018-04-25 16:28:53.369 INFO [restartedMain]o.s.web.servlet.handler.SimpleUrlHandlerMapping.?:? -Mapped URL path [/**/favicon.ico] onto handler of type [class org.springframework.web.servlet.resource.ResourceHttpRequestHandler]
2018-04-25 16:28:53.513 INFO [restartedMain]o.s.w.s.m.method.annotation.RequestMappingHandlerAdapter.?:? -Looking for @ControllerAdvice: org.springframework.boot.web.servlet.context.AnnotationConfigServletWebServerApplicationContext@651cd7d: startup date [Wed Apr 25 16:28:51 CST 2018]; root of context hierarchy
2018-04-25 16:28:53.547 INFO [restartedMain]o.s.w.s.m.method.annotation.RequestMappingHandlerMapping.?:? -Mapped "{[/test/userinfo/{userId}]}" onto public java.lang.String com.cst.web.controller.TestController.getUserInfo(java.lang.String)
2018-04-25 16:28:53.549 INFO [restartedMain]o.s.w.s.m.method.annotation.RequestMappingHandlerMapping.?:? -Mapped "{[/error]}" onto public org.springframework.http.ResponseEntity<java.util.Map<java.lang.String, java.lang.Object>> org.springframework.boot.autoconfigure.web.servlet.error.BasicErrorController.error(javax.servlet.http.HttpServletRequest)
2018-04-25 16:28:53.550 INFO [restartedMain]o.s.w.s.m.method.annotation.RequestMappingHandlerMapping.?:? -Mapped "{[/error],produces=[text/html]}" onto public org.springframework.web.servlet.ModelAndView org.springframework.boot.autoconfigure.web.servlet.error.BasicErrorController.errorHtml(javax.servlet.http.HttpServletRequest,javax.servlet.http.HttpServletResponse)
2018-04-25 16:28:53.569 INFO [restartedMain]o.s.web.servlet.handler.SimpleUrlHandlerMapping.?:? -Mapped URL path [/webjars/**] onto handler of type [class org.springframework.web.servlet.resource.ResourceHttpRequestHandler]
2018-04-25 16:28:53.570 INFO [restartedMain]o.s.web.servlet.handler.SimpleUrlHandlerMapping.?:? -Mapped URL path [/**] onto handler of type [class org.springframework.web.servlet.resource.ResourceHttpRequestHandler]
2018-04-25 16:28:53.608 WARN [restartedMain]o.s.b.a.t.ThymeleafAutoConfiguration$DefaultTemplateResolverConfiguration.?:? -Cannot find template location: classpath:/templates/ (please add some templates or check your Thymeleaf configuration)
2018-04-25 16:28:53.690 INFO [restartedMain]c.a.d.s.boot.autoconfigure.DruidDataSourceAutoConfigure.?:? -Init DruidDataSource
2018-04-25 16:28:53.716 WARN [restartedMain]o.s.b.w.s.c.AnnotationConfigServletWebServerApplicationContext.?:? -Exception encountered during context initialization - cancelling refresh attempt: org.springframework.beans.factory.BeanCreationException: Error creating bean with name 'dataSource' defined in class path resource [com/alibaba/druid/spring/boot/autoconfigure/DruidDataSourceAutoConfigure.class]: Invocation of init method failed; nested exception is org.springframework.boot.autoconfigure.jdbc.DataSourceProperties$DataSourceBeanCreationException: Failed to determine a suitable driver class
2018-04-25 16:28:53.718 INFO [restartedMain]org.apache.catalina.core.StandardService.?:? -Stopping service [Tomcat]
2018-04-25 16:28:53.733 INFO [restartedMain]o.s.b.a.logging.ConditionEvaluationReportLoggingListener.?:? -

Error starting ApplicationContext. To display the conditions report re-run your application with 'debug' enabled.
2018-04-25 16:28:53.737 ERROR[restartedMain]o.s.boot.diagnostics.LoggingFailureAnalysisReporter.?:? -

***************************
APPLICATION FAILED TO START
***************************

Description:

Failed to auto-configure a DataSource: 'spring.datasource.url' is not specified and no embedded datasource could be auto-configured.

Reason: Failed to determine a suitable driver class


Action:

Consider the following:
	If you want an embedded database (H2, HSQL or Derby), please put it on the classpath.
	If you have database settings to be loaded from a particular profile you may need to activate it (the profiles dev are currently active).

